proguard/seeds.txt
com.antsapps.tennotrumps.AddHand
com.antsapps.tennotrumps.AddHand: AddHand()
com.antsapps.tennotrumps.AddHand: void onOKClick(android.view.View)
com.antsapps.tennotrumps.AddMatch
com.antsapps.tennotrumps.AddMatch: AddMatch()
com.antsapps.tennotrumps.AddMatch: void createMatch(android.view.View)
com.antsapps.tennotrumps.ButtonsBidSelector
com.antsapps.tennotrumps.ButtonsBidSelector: ButtonsBidSelector(android.content.Context,android.util.AttributeSet)
com.antsapps.tennotrumps.HandList
com.antsapps.tennotrumps.HandList: HandList()
com.antsapps.tennotrumps.MatchList
com.antsapps.tennotrumps.MatchList: MatchList()
com.antsapps.tennotrumps.PlayerSelector
com.antsapps.tennotrumps.PlayerSelector: PlayerSelector(android.content.Context,android.util.AttributeSet)
com.antsapps.tennotrumps.ResultsPreview
com.antsapps.tennotrumps.ResultsPreview: ResultsPreview(android.content.Context,android.util.AttributeSet)
com.antsapps.tennotrumps.RoundList
com.antsapps.tennotrumps.RoundList: RoundList()
com.antsapps.tennotrumps.SettingsActivity
com.antsapps.tennotrumps.SettingsActivity: SettingsActivity()
com.antsapps.tennotrumps.SpinnerResultSelector
com.antsapps.tennotrumps.SpinnerResultSelector: SpinnerResultSelector(android.content.Context,android.util.AttributeSet)
com.antsapps.tennotrumps.TeamSelector
com.antsapps.tennotrumps.TeamSelector: TeamSelector(android.content.Context,android.util.AttributeSet)
com.antsapps.tennotrumps.backend.Bid: com.antsapps.tennotrumps.backend.Bid[] values()
com.antsapps.tennotrumps.backend.Bid: com.antsapps.tennotrumps.backend.Bid valueOf(java.lang.String)
com.antsapps.tennotrumps.backend.Bid$Suit: com.antsapps.tennotrumps.backend.Bid$Suit[] values()
com.antsapps.tennotrumps.backend.Bid$Suit: com.antsapps.tennotrumps.backend.Bid$Suit valueOf(java.lang.String)
com.antsapps.tennotrumps.backend.Bid$Tricks: com.antsapps.tennotrumps.backend.Bid$Tricks[] values()
com.antsapps.tennotrumps.backend.Bid$Tricks: com.antsapps.tennotrumps.backend.Bid$Tricks valueOf(java.lang.String)
com.antsapps.tennotrumps.backend.DBBackupAgent
...
android.support.v4.app.NotificationCompat$NotificationCompatImplHoneycomb
android.support.v4.app.NotificationCompat$NotificationCompatImplHoneycomb: NotificationCompat$NotificationCompatImplHoneycomb()
android.support.v4.app.NotificationCompat$NotificationCompatImplHoneycomb: android.app.Notification getNotification(android.support.v4.app.NotificationCompat$Builder)
android.support.v4.app.NotificationCompatHoneycomb
android.support.v4.app.NotificationCompatHoneycomb: NotificationCompatHoneycomb()
android.support.v4.app.NotificationCompatHoneycomb: android.app.Notification add(android.content.Context,android.app.Notification,java.lang.CharSequence,java.lang.CharSequence,java.lang.CharSequence,android.widget.RemoteViews,int,android.app.PendingIntent,android.app.PendingIntent,android.graphics.Bitmap)
android.support.v4.app.ServiceCompat
android.support.v4.app.ServiceCompat: int START_STICKY
android.support.v4.app.ServiceCompat: ServiceCompat()
android.support.v4.app.ShareCompat
android.support.v4.app.ShareCompat: java.lang.String EXTRA_CALLING_PACKAGE
android.support.v4.app.ShareCompat: java.lang.String EXTRA_CALLING_ACTIVITY
android.support.v4.app.ShareCompat: android.support.v4.app.ShareCompat$ShareCompatImpl IMPL
android.support.v4.app.ShareCompat: ShareCompat()
android.support.v4.app.ShareCompat: java.lang.String getCallingPackage(android.app.Activity)
android.support.v4.app.ShareCompat: android.content.ComponentName getCallingActivity(android.app.Activity)
android.support.v4.app.ShareCompat: void configureMenuItem(android.view.MenuItem,android.support.v4.app.ShareCompat$IntentBuilder)
android.support.v4.app.ShareCompat: void configureMenuItem(android.view.Menu,int,android.support.v4.app.ShareCompat$IntentBuilder)
android.support.v4.app.ShareCompat: android.support.v4.app.ShareCompat$ShareCompatImpl access$000()
android.support.v4.app.ShareCompat: void <clinit>()
android.support.v4.app.ShareCompat$IntentBuilder
android.support.v4.app.ShareCompat$IntentBuilder: android.app.Activity mActivity
android.support.v4.app.ShareCompat$IntentBuilder: android.content.Intent mIntent
android.support.v4.app.ShareCompat$IntentBuilder: java.lang.CharSequence mChooserTitle
android.support.v4.app.ShareCompat$IntentBuilder: java.util.ArrayList mToAddresses
android.support.v4.app.ShareCompat$IntentBuilder: java.util.ArrayList mCcAddresses
android.support.v4.app.ShareCompat$IntentBuilder: java.util.ArrayList mBccAddresses
android.support.v4.app.ShareCompat$IntentBuilder: java.util.ArrayList mStreams
android.support.v4.app.ShareCompat$IntentBuilder: android.support.v4.app.ShareCompat$IntentBuilder from(android.app.Activity)
android.support.v4.app.ShareCompat$IntentBuilder: ShareCompat$IntentBuilder(android.app.Activity)
android.support.v4.app.ShareCompat$IntentBuilder: android.content.Intent getIntent()
android.support.v4.app.ShareCompat$IntentBuilder: android.app.Activity getActivity()
android.support.v4.app.ShareCompat$IntentBuilder: void combineArrayExtra(java.lang.String,java.util.ArrayList)
android.support.v4.app.ShareCompat$IntentBuilder: void combineArrayExtra(java.lang.String,java.lang.String[])
android.support.v4.app.ShareCompat$IntentBuilder: android.content.Intent createChooserIntent()
android.support.v4.app.ShareCompat$IntentBuilder: void startChooser()