proguard/mapping.txt
com.antsapps.tennotrumps.AddHand -> com.antsapps.tennotrumps.AddHand:
    com.antsapps.tennotrumps.backend.Application application -> a
    com.antsapps.tennotrumps.backend.Round mRound -> b
    com.antsapps.tennotrumps.TeamSelector mTeamSelector -> c
    com.antsapps.tennotrumps.PlayerSelector mPlayerSelector -> d
    com.antsapps.tennotrumps.BidSelector mBidSelector -> e
    com.antsapps.tennotrumps.ResultSelector mResultSelector -> f
    com.antsapps.tennotrumps.ResultsPreview mResultPreview -> g
    android.widget.Button mOKButton -> h
    void onCreate(android.os.Bundle) -> onCreate
    void onResume() -> onResume
    void onSaveInstanceState(android.os.Bundle) -> onSaveInstanceState
    boolean onCreateOptionsMenu(com.actionbarsherlock.view.Menu) -> onCreateOptionsMenu
    boolean onOptionsItemSelected(com.actionbarsherlock.view.MenuItem) -> onOptionsItemSelected
    void enableOKButton(boolean) -> a
    boolean checkAndNotifyWhetherFinished() -> a
    void onOKClick(android.view.View) -> onOKClick
    void setText(android.widget.ToggleButton,java.lang.String) -> a
    com.antsapps.tennotrumps.PlayerSelector access$0(com.antsapps.tennotrumps.AddHand) -> a
    boolean access$1(com.antsapps.tennotrumps.AddHand) -> b
com.antsapps.tennotrumps.AddHand$1 -> com.antsapps.tennotrumps.a:
    com.antsapps.tennotrumps.AddHand this$0 -> a
    void onTeamSelected(com.antsapps.tennotrumps.backend.Team) -> a
com.antsapps.tennotrumps.AddHand$2 -> com.antsapps.tennotrumps.b:
    com.antsapps.tennotrumps.AddHand this$0 -> a
    void onBidSelected$f1faae3() -> a
com.antsapps.tennotrumps.AddHand$3 -> com.antsapps.tennotrumps.c:
    com.antsapps.tennotrumps.AddHand this$0 -> a
    void onTricksWonSelected$13462e() -> a
com.antsapps.tennotrumps.AddMatch -> com.antsapps.tennotrumps.AddMatch:
    com.antsapps.tennotrumps.backend.Application application -> a
    java.util.Collection allTeams -> b
    java.util.Collection allPlayers -> c
    java.util.Map playerViews -> d
    java.util.List teamNames -> e
    java.util.List playerNames -> f
    android.widget.Button createMatch -> g
    void onCreate(android.os.Bundle) -> onCreate
    void createMatch(android.view.View) -> createMatch
    void initPlayerNames() -> a
    java.util.Map access$0(com.antsapps.tennotrumps.AddMatch) -> a
    void access$1(com.antsapps.tennotrumps.AddMatch) -> b
com.antsapps.tennotrumps.AddMatch$1 -> com.antsapps.tennotrumps.d:
    com.antsapps.tennotrumps.AddMatch this$0 -> a
    android.widget.AutoCompleteTextView val$teamView -> b
    void onTextChanged(java.lang.CharSequence,int,int,int) -> onTextChanged
    void beforeTextChanged(java.lang.CharSequence,int,int,int) -> beforeTextChanged
    void afterTextChanged(android.text.Editable) -> afterTextChanged
com.antsapps.tennotrumps.BidSelector -> com.antsapps.tennotrumps.e:
    void init() -> a
    void setOnBidSelectedListener(com.antsapps.tennotrumps.BidSelector$OnBidSelectedListener) -> a
    com.antsapps.tennotrumps.backend.Bid getSelectedBid() -> b
com.antsapps.tennotrumps.BidSelector$OnBidSelectedListener -> com.antsapps.tennotrumps.f:
    void onBidSelected$f1faae3() -> a
...
android.support.v4.app.FragmentManagerImpl$4 -> android.support.v4.app.FragmentManagerImpl$4:
    int val$id -> val$id
    int val$flags -> val$flags
    android.support.v4.app.FragmentManagerImpl this$0 -> this$0
    void run() -> run
android.support.v4.app.FragmentManagerImpl$5 -> android.support.v4.app.FragmentManagerImpl$5:
    android.support.v4.app.Fragment val$fragment -> val$fragment
    android.support.v4.app.FragmentManagerImpl this$0 -> this$0
    void onAnimationEnd(android.view.animation.Animation) -> onAnimationEnd
    void onAnimationRepeat(android.view.animation.Animation) -> onAnimationRepeat
    void onAnimationStart(android.view.animation.Animation) -> onAnimationStart
android.support.v4.app.FragmentManagerState -> android.support.v4.app.FragmentManagerState:
    android.support.v4.app.FragmentState[] mActive -> mActive
    int[] mAdded -> mAdded
    android.support.v4.app.BackStackState[] mBackStack -> mBackStack
    android.os.Parcelable$Creator CREATOR -> CREATOR
    int describeContents() -> describeContents
    void writeToParcel(android.os.Parcel,int) -> writeToParcel
android.support.v4.app.FragmentManagerState$1 -> android.support.v4.app.FragmentManagerState$1:
    android.support.v4.app.FragmentManagerState createFromParcel(android.os.Parcel) -> createFromParcel
    android.support.v4.app.FragmentManagerState[] newArray(int) -> newArray
    java.lang.Object[] newArray(int) -> newArray
    java.lang.Object createFromParcel(android.os.Parcel) -> createFromParcel
android.support.v4.app.FragmentPagerAdapter -> android.support.v4.app.FragmentPagerAdapter:
    java.lang.String TAG -> TAG
    boolean DEBUG -> DEBUG
    android.support.v4.app.FragmentManager mFragmentManager -> mFragmentManager
    android.support.v4.app.FragmentTransaction mCurTransaction -> mCurTransaction
    android.support.v4.app.Fragment mCurrentPrimaryItem -> mCurrentPrimaryItem
    android.support.v4.app.Fragment getItem(int) -> getItem
    void startUpdate(android.view.ViewGroup) -> startUpdate
    java.lang.Object instantiateItem(android.view.ViewGroup,int) -> instantiateItem
    void destroyItem(android.view.ViewGroup,int,java.lang.Object) -> destroyItem
    void setPrimaryItem(android.view.ViewGroup,int,java.lang.Object) -> setPrimaryItem
    void finishUpdate(android.view.ViewGroup) -> finishUpdate
    boolean isViewFromObject(android.view.View,java.lang.Object) -> isViewFromObject
    android.os.Parcelable saveState() -> saveState
    void restoreState(android.os.Parcelable,java.lang.ClassLoader) -> restoreState
    long getItemId(int) -> getItemId
    java.lang.String makeFragmentName(int,long) -> makeFragmentName
android.support.v4.app.FragmentState -> android.support.v4.app.FragmentState:
    java.lang.String mClassName -> mClassName
    int mIndex -> mIndex
    boolean mFromLayout -> mFromLayout
    int mFragmentId -> mFragmentId
    int mContainerId -> mContainerId
    java.lang.String mTag -> mTag
    boolean mRetainInstance -> mRetainInstance
    boolean mDetached -> mDetached
    android.os.Bundle mArguments -> mArguments
    android.os.Bundle mSavedFragmentState -> mSavedFragmentState
    android.support.v4.app.Fragment mInstance -> mInstance
    android.os.Parcelable$Creator CREATOR -> CREATOR
    android.support.v4.app.Fragment instantiate(android.support.v4.app.FragmentActivity) -> instantiate
    int describeContents() -> describeContents
    void writeToParcel(android.os.Parcel,int) -> writeToParcel
android.support.v4.app.FragmentState$1 -> android.support.v4.app.FragmentState$1:
    android.support.v4.app.FragmentState createFromParcel(android.os.Parcel) -> createFromParcel
    android.support.v4.app.FragmentState[] newArray(int) -> newArray
    java.lang.Object[] newArray(int) -> newArray
    java.lang.Object createFromParcel(android.os.Parcel) -> createFromParcel