proguard/usage.txt
com.antsapps.tennotrumps.AddHand:
    private static final java.lang.String TAG
com.antsapps.tennotrumps.BuildConfig
com.antsapps.tennotrumps.ButtonsBidSelector:
    private static final java.lang.String TAG
com.antsapps.tennotrumps.HandList:
    private static final java.lang.String TAG
com.antsapps.tennotrumps.PlayerSelector:
    private static final java.lang.String TAG
    95:96:public void setOnPlayerSelectedListener(com.antsapps.tennotrumps.PlayerSelector$OnPlayerSelectedListener)
com.antsapps.tennotrumps.R
com.antsapps.tennotrumps.R$array
com.antsapps.tennotrumps.R$attr
com.antsapps.tennotrumps.R$bool
com.antsapps.tennotrumps.R$color
com.antsapps.tennotrumps.R$dimen
com.antsapps.tennotrumps.R$drawable
com.antsapps.tennotrumps.R$id
com.antsapps.tennotrumps.R$integer
com.antsapps.tennotrumps.R$layout
com.antsapps.tennotrumps.R$menu
com.antsapps.tennotrumps.R$string
com.antsapps.tennotrumps.R$style
com.antsapps.tennotrumps.R$styleable
com.antsapps.tennotrumps.R$xml
com.antsapps.tennotrumps.ResultsPreview:
    static final java.lang.String TAG
com.antsapps.tennotrumps.RoundList:
    212:213:public void notifyDataSetChanged()
com.antsapps.tennotrumps.SpinnerResultSelector:
    private static final java.lang.String TAG
    private static final java.lang.String SELECT
com.antsapps.tennotrumps.TeamSelector:
    private static final java.lang.String TAG
com.antsapps.tennotrumps.backend.Application:
    82:82:public com.antsapps.tennotrumps.backend.Player getPlayer(long)
    108:108:public com.antsapps.tennotrumps.backend.Team getTeam(long)
com.antsapps.tennotrumps.backend.Bid:
    public static final java.lang.String ID_TAG
    public static final int TRICKS_PER_HAND
com.antsapps.tennotrumps.backend.Bid$Suit:
    public static final int NUM_REAL_SUITS
com.antsapps.tennotrumps.backend.DBAdapter:
    public static final java.lang.String DATABASE_NAME
    private static final int DATABASE_VERSION
    public static final java.lang.String TABLE_MATCHES
    public static final java.lang.String TABLE_ROUNDS
    public static final java.lang.String TABLE_HANDS
    public static final java.lang.String TABLE_PLAYERS
    public static final java.lang.String TABLE_TEAMS
    public static final java.lang.String COLUMN_MATCH_ID
    public static final java.lang.String COLUMN_PLAYER_ID
    public static final java.lang.String COLUMN_TEAM_ID
    public static final java.lang.String COLUMN_ROUND_ID
    public static final java.lang.String COLUMN_HAND_ID
    public static final java.lang.String COLUMN_PLAYER_NAME
    public static final java.lang.String COLUMN_TEAM_NAME
    public static final java.lang.String COLUMN_PLAYER_1
    public static final java.lang.String COLUMN_PLAYER_2
    public static final java.lang.String COLUMN_TEAM_1
    public static final java.lang.String COLUMN_TEAM_2
    public static final java.lang.String COLUMN_BIDDING_TEAM_ID
    public static final java.lang.String COLUMN_BIDDING_PLAYER_ID
    public static final java.lang.String COLUMN_BID
    public static final java.lang.String COLUMN_TRICKS_WON
    public static final java.lang.String COLUMN_DATE
    public static final java.lang.String COLUMN_POINTS_BIDDING_TEAM
    public static final java.lang.String COLUMN_POINTS_NON_BIDDING_TEAM
com.antsapps.tennotrumps.backend.DBBackupAgent:
    private static final java.lang.String DATABASE
...
com.google.common.base.CharMatcher$16
com.google.common.base.CharMatcher$17
com.google.common.base.CharMatcher$2
com.google.common.base.CharMatcher$3
com.google.common.base.CharMatcher$4
com.google.common.base.CharMatcher$5
com.google.common.base.CharMatcher$6
com.google.common.base.CharMatcher$7
com.google.common.base.CharMatcher$8
com.google.common.base.CharMatcher$9
com.google.common.base.CharMatcher$And
com.google.common.base.CharMatcher$LookupTable
com.google.common.base.CharMatcher$Or
com.google.common.base.Charsets
com.google.common.base.Defaults
com.google.common.base.Enums
com.google.common.base.Enums$1
com.google.common.base.Enums$ValueOfFunction
com.google.common.base.Equivalence
com.google.common.base.Equivalence$1
com.google.common.base.Equivalence$EquivalentToPredicate
com.google.common.base.Equivalence$Wrapper
com.google.common.base.Equivalences
com.google.common.base.Equivalences$Equals
com.google.common.base.Equivalences$Identity
com.google.common.base.FinalizablePhantomReference
com.google.common.base.FinalizableReference
com.google.common.base.FinalizableReferenceQueue
com.google.common.base.FinalizableReferenceQueue$DecoupledLoader
com.google.common.base.FinalizableReferenceQueue$DirectLoader
com.google.common.base.FinalizableReferenceQueue$FinalizerLoader
com.google.common.base.FinalizableReferenceQueue$SystemLoader
com.google.common.base.FinalizableSoftReference
com.google.common.base.FinalizableWeakReference
com.google.common.base.Function:
    public abstract boolean equals(java.lang.Object)
com.google.common.base.FunctionalEquivalence
com.google.common.base.Functions
com.google.common.base.Functions$1
com.google.common.base.Functions$ConstantFunction
com.google.common.base.Functions$ForMapWithDefault
com.google.common.base.Functions$FunctionComposition
com.google.common.base.Functions$FunctionForMapNoDefault
com.google.common.base.Functions$IdentityFunction
com.google.common.base.Functions$PredicateFunction
com.google.common.base.Functions$SupplierFunction
com.google.common.base.Functions$ToStringFunction
com.google.common.base.Joiner:
    78:78:public static com.google.common.base.Joiner on(char)
    104:104:public final java.lang.Appendable appendTo(java.lang.Appendable,java.lang.Object)
    112:112:public java.lang.Appendable appendTo(java.lang.Appendable,java.lang.Iterable)
    139:139:public final java.lang.Appendable appendTo(java.lang.Appendable,java.lang.Object[])
    148:148:public final varargs java.lang.Appendable appendTo(java.lang.Appendable,java.lang.Object,java.lang.Object,java.lang.Object[])
    164:164:public final java.lang.StringBuilder appendTo(java.lang.StringBuilder,java.lang.Object)
    209:209:public final varargs java.lang.StringBuilder appendTo(java.lang.StringBuilder,java.lang.Object,java.lang.Object,java.lang.Object[])
    224:224:public final java.lang.String join(java.lang.Object)
    232:232:public final java.lang.String join(java.lang.Iterable)
    243:243:public final java.lang.String join(java.util.Iterator)
    251:251:public final java.lang.String join(java.lang.Object[])
    259:259:public final varargs java.lang.String join(java.lang.Object,java.lang.Object,java.lang.Object[])
    291:291:public com.google.common.base.Joiner skipNulls()
    547:548:private static java.lang.Iterable iterable(java.lang.Object,java.lang.Object,java.lang.Object[])
com.google.common.base.Joiner$1:
    280:280:public com.google.common.base.Joiner skipNulls()
com.google.common.base.Joiner$2
com.google.common.base.Joiner$3